<?xml version="1.0" encoding="UTF-8"?>
<testng-results skipped="0" failed="0" total="1" passed="1">
  <reporter-output>
  </reporter-output>
  <suite name="com.adept.findjob.mytest.AppTest" duration-ms="86154" started-at="2014-09-09T15:05:52Z" finished-at="2014-09-09T15:07:18Z">
    <groups>
    </groups>
    <test name="Command line test" duration-ms="86154" started-at="2014-09-09T15:05:52Z" finished-at="2014-09-09T15:07:18Z">
      <class name="com.adept.findjob.mytest.AppTest">
        <test-method status="PASS" signature="Saucetest()" name="Saucetest" duration-ms="85585" started-at="2014-09-09T15:05:52Z" finished-at="2014-09-09T15:07:17Z">
        </test-method>
        <test-method status="PASS" signature="killdriver()" name="killdriver" is-config="true" duration-ms="553" started-at="2014-09-09T15:07:17Z" finished-at="2014-09-09T15:07:18Z">
        </test-method>
      </class>
    </test>
  </suite>
</testng-results>
