<?xml version="1.0" encoding="UTF-8"?>
<testng-results skipped="0" failed="0" total="1" passed="1">
  <reporter-output>
  </reporter-output>
  <suite name="Default suite" duration-ms="71387" started-at="2014-09-08T07:19:41Z" finished-at="2014-09-08T07:20:52Z">
    <groups>
    </groups>
    <test name="Default test" duration-ms="71387" started-at="2014-09-08T07:19:41Z" finished-at="2014-09-08T07:20:52Z">
      <class name="com.adept.findjob.mytest.AppTest">
        <test-method status="PASS" signature="Saucetest()[pri:0, instance:com.adept.findjob.mytest.AppTest@29b00e45]" name="Saucetest" duration-ms="70895" started-at="2014-09-08T12:49:41Z" finished-at="2014-09-08T12:50:52Z">
          <reporter-output>
          </reporter-output>
        </test-method> <!-- Saucetest -->
        <test-method status="PASS" signature="killdriver()[pri:0, instance:com.adept.findjob.mytest.AppTest@29b00e45]" name="killdriver" is-config="true" duration-ms="468" started-at="2014-09-08T12:50:52Z" finished-at="2014-09-08T12:50:52Z">
          <reporter-output>
          </reporter-output>
        </test-method> <!-- killdriver -->
      </class> <!-- com.adept.findjob.mytest.AppTest -->
    </test> <!-- Default test -->
  </suite> <!-- Default suite -->
</testng-results>
